Flutter crash report; please file at https://github.com/flutter/flutter/issues.

## command

flutter build flx --suppress-analytics --target C:\Users\ajith\OneDrive\Documents\android_istar_app\lib\main.dart --preview-dart-2 --filesystem-scheme org-dartlang-root --output-file C:\Users\ajith\OneDrive\Documents\android_istar_app\build\app\intermediates\flutter\debug/app.flx --depfile C:\Users\ajith\OneDrive\Documents\android_istar_app\build\app\intermediates\flutter\debug/snapshot_blob.bin.d --working-dir C:\Users\ajith\OneDrive\Documents\android_istar_app\build\app\intermediates\flutter\debug/flutter_assets

## exception

FileSystemException: FileSystemException: Deletion failed, path = 'C:\Users\ajith\OneDrive\Documents\android_istar_app\build\app\intermediates\flutter\debug/flutter_assets' (OS Error: The system cannot find the file specified.
, errno = 2)

```
#0      _Directory._deleteSync (dart:io/directory_impl.dart:174)
#1      FileSystemEntity.deleteSync (dart:io/file_system_entity.dart:451)
#2      ForwardingFileSystemEntity.deleteSync (package:file/src/forwarding/forwarding_file_system_entity.dart:72)
#3      _ArchiveZipBuilder.createZip (package:flutter_tools/src/zip.dart:37)
<asynchronous suspension>
#4      assemble (package:flutter_tools/src/flx.dart:183)
<asynchronous suspension>
#5      build (package:flutter_tools/src/flx.dart:109)
<asynchronous suspension>
#6      BuildFlxCommand.runCommand (package:flutter_tools/src/commands/build_flx.dart:68)
<asynchronous suspension>
#7      FlutterCommand.verifyThenRunCommand (package:flutter_tools/src/runner/flutter_command.dart:333)
<asynchronous suspension>
#8      FlutterCommand.run.<anonymous closure> (package:flutter_tools/src/runner/flutter_command.dart:270)
<asynchronous suspension>
#9      AppContext.run.<anonymous closure> (package:flutter_tools/src/base/context.dart:142)
<asynchronous suspension>
#10     _rootRun (dart:async/zone.dart:1126)
#11     _CustomZone.run (dart:async/zone.dart:1023)
#12     runZoned (dart:async/zone.dart:1501)
#13     AppContext.run (package:flutter_tools/src/base/context.dart:141)
<asynchronous suspension>
#14     FlutterCommand.run (package:flutter_tools/src/runner/flutter_command.dart:261)
#15     CommandRunner.runCommand (package:args/command_runner.dart:194)
<asynchronous suspension>
#16     FlutterCommandRunner.runCommand.<anonymous closure> (package:flutter_tools/src/runner/flutter_command_runner.dart:309)
<asynchronous suspension>
#17     AppContext.run.<anonymous closure> (package:flutter_tools/src/base/context.dart:142)
<asynchronous suspension>
#18     _rootRun (dart:async/zone.dart:1126)
#19     _CustomZone.run (dart:async/zone.dart:1023)
#20     runZoned (dart:async/zone.dart:1501)
#21     AppContext.run (package:flutter_tools/src/base/context.dart:141)
<asynchronous suspension>
#22     FlutterCommandRunner.runCommand (package:flutter_tools/src/runner/flutter_command_runner.dart:265)
<asynchronous suspension>
#23     CommandRunner.run.<anonymous closure> (package:args/command_runner.dart:109)
#24     new Future.sync (dart:async/future.dart:224)
#25     CommandRunner.run (package:args/command_runner.dart:109)
#26     FlutterCommandRunner.run (package:flutter_tools/src/runner/flutter_command_runner.dart:174)
#27     run.<anonymous closure> (package:flutter_tools/runner.dart:54)
<asynchronous suspension>
#28     AppContext.run.<anonymous closure> (package:flutter_tools/src/base/context.dart:142)
<asynchronous suspension>
#29     _rootRun (dart:async/zone.dart:1126)
#30     _CustomZone.run (dart:async/zone.dart:1023)
#31     runZoned (dart:async/zone.dart:1501)
#32     AppContext.run (package:flutter_tools/src/base/context.dart:141)
<asynchronous suspension>
#33     runInContext (package:flutter_tools/src/context_runner.dart:41)
<asynchronous suspension>
#34     run (package:flutter_tools/runner.dart:49)
#35     main (package:flutter_tools/executable.dart:48)
<asynchronous suspension>
#36     main (file:///C:/Users/ajith/Flutter/flutter/packages/flutter_tools/bin/flutter_tools.dart:16)
#37     _startIsolate.<anonymous closure> (dart:isolate-patch/dart:isolate/isolate_patch.dart:277)
#38     _RawReceivePortImpl._handleMessage (dart:isolate-patch/dart:isolate/isolate_patch.dart:165)
```

## flutter doctor

```
[✓] Flutter (Channel master, v0.2.11-pre.23, on Microsoft Windows [Version 10.0.17134.112], locale en-IN)
    • Flutter version 0.2.11-pre.23 at C:\Users\ajith\Flutter\flutter
    • Framework revision a2951a9a1f (10 weeks ago), 2018-04-10 18:12:34 -0700
    • Engine revision ed303c628f
    • Dart version 2.0.0-dev.47.0.flutter-23ae4fa098

[!] Android toolchain - develop for Android devices (Android SDK 27.0.3)
    • Android SDK at C:\Users\ajith\AppData\Local\Android\sdk
    • Android NDK at C:\Users\ajith\AppData\Local\Android\sdk\ndk-bundle
    • Platform android-27, build-tools 27.0.3
    • Java binary at: C:\Program Files\Android\Android Studio\jre\bin\java
    • Java version OpenJDK Runtime Environment (build 1.8.0_152-release-1024-b02)
    ! Some Android licenses not accepted.  To resolve this, run: flutter doctor --android-licenses

[✓] Android Studio (version 3.1)
    • Android Studio at C:\Program Files\Android\Android Studio
    ✗ Flutter plugin not installed; this adds Flutter specific functionality.
    ✗ Dart plugin not installed; this adds Dart specific functionality.
    • Java version OpenJDK Runtime Environment (build 1.8.0_152-release-1024-b02)

[!] VS Code, 64-bit edition (version 1.24.1)
    • VS Code at C:\Program Files\Microsoft VS Code
    • Dart Code extension not installed; install from
      https://marketplace.visualstudio.com/items?itemName=Dart-Code.dart-code

[✓] Connected devices (1 available)
    • Micromax Q382 • V02775160560054113 • android-arm • Android 5.1 (API 22)

! Doctor found issues in 2 categories.
```
